Dec 3, 2012 9:16:23 PM org.apache.catalina.core.AprLifecycleListener init
INFO: Loaded APR based Apache Tomcat Native library 1.1.23 using APR version 1.4.6.
Dec 3, 2012 9:16:23 PM org.apache.catalina.core.AprLifecycleListener init
INFO: APR capabilities: IPv6 [true], sendfile [true], accept filters [false], random [true].
Dec 3, 2012 9:16:24 PM org.apache.catalina.core.AprLifecycleListener initializeSSL
INFO: OpenSSL successfully initialized with version OpenSSL 1.0.0g 18 Jan 2012
Dec 3, 2012 9:16:24 PM org.apache.coyote.http11.Http11AprProtocol init
INFO: Initializing Coyote HTTP/1.1 on http-8080
Dec 3, 2012 9:16:24 PM org.apache.coyote.ajp.AjpAprProtocol init
INFO: Initializing Coyote AJP/1.3 on ajp-8009
Dec 3, 2012 9:16:24 PM org.apache.catalina.startup.Catalina load
INFO: Initialization processed in 2053 ms
Dec 3, 2012 9:16:24 PM org.apache.catalina.core.StandardService start
INFO: Starting service Catalina
Dec 3, 2012 9:16:24 PM org.apache.catalina.core.StandardEngine start
INFO: Starting Servlet Engine: Apache Tomcat/6.0.36
Dec 3, 2012 9:16:24 PM org.apache.catalina.startup.HostConfig deployDescriptor
INFO: Deploying configuration descriptor host-manager.xml
Dec 3, 2012 9:16:25 PM org.apache.catalina.startup.HostConfig deployDescriptor
INFO: Deploying configuration descriptor manager.xml
Dec 3, 2012 9:16:25 PM org.apache.catalina.startup.HostConfig deployDirectory
INFO: Deploying web application directory docs
Dec 3, 2012 9:16:25 PM org.apache.catalina.startup.HostConfig deployDirectory
INFO: Deploying web application directory examples
Dec 3, 2012 9:16:25 PM org.apache.catalina.startup.HostConfig deployDirectory
INFO: Deploying web application directory mediapicker
Dec 3, 2012 9:16:26 PM org.springframework.web.context.ContextLoader initWebApplicationContext
INFO: Root WebApplicationContext: initialization started
Dec 3, 2012 9:16:26 PM org.springframework.context.support.AbstractApplicationContext prepareRefresh
INFO: Refreshing org.springframework.web.context.support.XmlWebApplicationContext@1167e3a5: display name [Root WebApplicationContext]; startup date [Mon Dec 03 21:16:26 PST 2012]; root of context hierarchy
Dec 3, 2012 9:16:26 PM org.springframework.beans.factory.xml.XmlBeanDefinitionReader loadBeanDefinitions
INFO: Loading XML bean definitions from ServletContext resource [/WEB-INF/applicationContext.xml]
Dec 3, 2012 9:16:26 PM org.springframework.context.support.AbstractApplicationContext obtainFreshBeanFactory
INFO: Bean factory for application context [org.springframework.web.context.support.XmlWebApplicationContext@1167e3a5]: org.springframework.beans.factory.support.DefaultListableBeanFactory@5a92668c
Dec 3, 2012 9:16:26 PM org.springframework.core.io.support.PropertiesLoaderSupport loadProperties
INFO: Loading properties file from class path resource [jdbc.properties]
Dec 3, 2012 9:16:26 PM org.springframework.beans.factory.support.DefaultListableBeanFactory preInstantiateSingletons
INFO: Pre-instantiating singletons in org.springframework.beans.factory.support.DefaultListableBeanFactory@5a92668c: defining beans [mediaManager,mediaDao,dataSource,propertyConfigurer,transactionManager,org.springframework.aop.config.internalAutoProxyCreator,org.springframework.aop.support.DefaultBeanFactoryPointcutAdvisor#0,txAdvice]; root of factory hierarchy
Dec 3, 2012 9:16:28 PM org.springframework.web.context.ContextLoader initWebApplicationContext
INFO: Root WebApplicationContext: initialization completed in 1844 ms
Dec 3, 2012 9:16:28 PM org.springframework.web.servlet.FrameworkServlet initServletBean
INFO: FrameworkServlet 'mediapicker': initialization started
Dec 3, 2012 9:16:28 PM org.springframework.context.support.AbstractApplicationContext prepareRefresh
INFO: Refreshing org.springframework.web.context.support.XmlWebApplicationContext@203727c5: display name [WebApplicationContext for namespace 'mediapicker-servlet']; startup date [Mon Dec 03 21:16:28 PST 2012]; parent: org.springframework.web.context.support.XmlWebApplicationContext@1167e3a5
Dec 3, 2012 9:16:28 PM org.springframework.beans.factory.xml.XmlBeanDefinitionReader loadBeanDefinitions
INFO: Loading XML bean definitions from ServletContext resource [/WEB-INF/mediapicker-servlet.xml]
Dec 3, 2012 9:16:28 PM org.springframework.context.support.AbstractApplicationContext obtainFreshBeanFactory
INFO: Bean factory for application context [org.springframework.web.context.support.XmlWebApplicationContext@203727c5]: org.springframework.beans.factory.support.DefaultListableBeanFactory@4b4ed577
Dec 3, 2012 9:16:28 PM org.springframework.beans.factory.support.DefaultListableBeanFactory preInstantiateSingletons
INFO: Pre-instantiating singletons in org.springframework.beans.factory.support.DefaultListableBeanFactory@4b4ed577: defining beans [messageSource,/mpicker.htm,viewResolver]; parent: org.springframework.beans.factory.support.DefaultListableBeanFactory@5a92668c
Dec 3, 2012 9:16:28 PM org.springframework.web.servlet.FrameworkServlet initServletBean
INFO: FrameworkServlet 'mediapicker': initialization completed in 304 ms
Dec 3, 2012 9:16:28 PM org.apache.catalina.startup.HostConfig deployDirectory
INFO: Deploying web application directory ROOT
Dec 3, 2012 9:16:28 PM org.apache.coyote.http11.Http11AprProtocol start
INFO: Starting Coyote HTTP/1.1 on http-8080
Dec 3, 2012 9:16:28 PM org.apache.coyote.ajp.AjpAprProtocol start
INFO: Starting Coyote AJP/1.3 on ajp-8009
Dec 3, 2012 9:16:28 PM org.apache.catalina.startup.Catalina start
INFO: Server startup in 3827 ms
Dec 3, 2012 9:16:36 PM org.springframework.web.servlet.DispatcherServlet noHandlerFound
WARNING: No mapping found for HTTP request with URI [/mediapicker/hello.htm] in DispatcherServlet with name 'mediapicker'
Dec 3, 2012 9:26:39 PM mediapicker.repository.JdbcMediaDao getMediaList
INFO: Getting media!
Dec 3, 2012 9:26:40 PM mediapicker.repository.JdbcMediaDao getMediaList
INFO: Getting media!
Dec 3, 2012 9:26:40 PM mediapicker.repository.JdbcMediaDao getMediaList
INFO: Getting media!
Dec 3, 2012 9:26:40 PM mediapicker.repository.JdbcMediaDao getMediaList
INFO: Getting media!
Dec 3, 2012 9:26:40 PM mediapicker.repository.JdbcMediaDao getMediaList
INFO: Getting media!
Dec 3, 2012 9:26:40 PM mediapicker.repository.JdbcMediaDao getMediaList
INFO: Getting media!
Dec 3, 2012 9:26:40 PM mediapicker.repository.JdbcMediaDao getMediaList
INFO: Getting media!
Dec 3, 2012 9:26:40 PM mediapicker.web.PickerController handleRequest
INFO: Returning picker view with Mon Dec 03 21:26:39 PST 2012
Dec 3, 2012 9:26:40 PM mediapicker.web.PickerController handleRequest
INFO: Returning picker view with [Id: 9;Name: Metal;, Id: 9;Name: Metal;, Id: 9;Name: Metal;] songs.
Dec 3, 2012 9:27:37 PM mediapicker.repository.JdbcMediaDao getMediaList
INFO: Getting media!
Dec 3, 2012 9:27:37 PM mediapicker.repository.JdbcMediaDao getMediaList
INFO: Getting media!
Dec 3, 2012 9:27:37 PM mediapicker.repository.JdbcMediaDao getMediaList
INFO: Getting media!
Dec 3, 2012 9:27:37 PM mediapicker.repository.JdbcMediaDao getMediaList
INFO: Getting media!
Dec 3, 2012 9:27:37 PM mediapicker.repository.JdbcMediaDao getMediaList
INFO: Getting media!
Dec 3, 2012 9:27:37 PM mediapicker.repository.JdbcMediaDao getMediaList
INFO: Getting media!
Dec 3, 2012 9:27:37 PM mediapicker.repository.JdbcMediaDao getMediaList
INFO: Getting media!
Dec 3, 2012 9:27:37 PM mediapicker.web.PickerController handleRequest
INFO: Returning picker view with Mon Dec 03 21:27:37 PST 2012
Dec 3, 2012 9:27:37 PM mediapicker.web.PickerController handleRequest
INFO: Returning picker view with [Id: 2;Name: Modern;, Id: 6;Name: Rock;, Id: 3;Name: Jazz;] songs.
