Dec 2, 2012 10:16:21 PM org.apache.catalina.core.AprLifecycleListener init
INFO: Loaded APR based Apache Tomcat Native library 1.1.23 using APR version 1.4.6.
Dec 2, 2012 10:16:21 PM org.apache.catalina.core.AprLifecycleListener init
INFO: APR capabilities: IPv6 [true], sendfile [true], accept filters [false], random [true].
Dec 2, 2012 10:16:22 PM org.apache.catalina.core.AprLifecycleListener initializeSSL
INFO: OpenSSL successfully initialized with version OpenSSL 1.0.0g 18 Jan 2012
Dec 2, 2012 10:16:22 PM org.apache.coyote.http11.Http11AprProtocol init
INFO: Initializing Coyote HTTP/1.1 on http-8080
Dec 2, 2012 10:16:22 PM org.apache.coyote.ajp.AjpAprProtocol init
INFO: Initializing Coyote AJP/1.3 on ajp-8009
Dec 2, 2012 10:16:22 PM org.apache.catalina.startup.Catalina load
INFO: Initialization processed in 883 ms
Dec 2, 2012 10:16:22 PM org.apache.catalina.core.StandardService start
INFO: Starting service Catalina
Dec 2, 2012 10:16:22 PM org.apache.catalina.core.StandardEngine start
INFO: Starting Servlet Engine: Apache Tomcat/6.0.36
Dec 2, 2012 10:16:22 PM org.apache.catalina.startup.HostConfig deployDescriptor
INFO: Deploying configuration descriptor host-manager.xml
Dec 2, 2012 10:16:22 PM org.apache.catalina.startup.HostConfig deployDescriptor
INFO: Deploying configuration descriptor manager.xml
Dec 2, 2012 10:16:22 PM org.apache.catalina.startup.HostConfig deployDirectory
INFO: Deploying web application directory docs
Dec 2, 2012 10:16:22 PM org.apache.catalina.startup.HostConfig deployDirectory
INFO: Deploying web application directory examples
Dec 2, 2012 10:16:22 PM org.apache.catalina.startup.HostConfig deployDirectory
INFO: Deploying web application directory mediapicker
Dec 2, 2012 10:16:22 PM org.springframework.web.context.ContextLoader initWebApplicationContext
INFO: Root WebApplicationContext: initialization started
Dec 2, 2012 10:16:23 PM org.springframework.context.support.AbstractApplicationContext prepareRefresh
INFO: Refreshing org.springframework.web.context.support.XmlWebApplicationContext@63d87b85: display name [Root WebApplicationContext]; startup date [Sun Dec 02 22:16:23 PST 2012]; root of context hierarchy
Dec 2, 2012 10:16:23 PM org.springframework.beans.factory.xml.XmlBeanDefinitionReader loadBeanDefinitions
INFO: Loading XML bean definitions from ServletContext resource [/WEB-INF/applicationContext.xml]
Dec 2, 2012 10:16:23 PM org.springframework.context.support.AbstractApplicationContext obtainFreshBeanFactory
INFO: Bean factory for application context [org.springframework.web.context.support.XmlWebApplicationContext@63d87b85]: org.springframework.beans.factory.support.DefaultListableBeanFactory@212b19c5
Dec 2, 2012 10:16:23 PM org.springframework.core.io.support.PropertiesLoaderSupport loadProperties
INFO: Loading properties file from class path resource [jdbc.properties]
Dec 2, 2012 10:16:23 PM org.springframework.beans.factory.support.DefaultListableBeanFactory preInstantiateSingletons
INFO: Pre-instantiating singletons in org.springframework.beans.factory.support.DefaultListableBeanFactory@212b19c5: defining beans [mediaManager,mediaDao,dataSource,propertyConfigurer,transactionManager,org.springframework.aop.config.internalAutoProxyCreator,org.springframework.aop.support.DefaultBeanFactoryPointcutAdvisor#0,txAdvice]; root of factory hierarchy
Dec 2, 2012 10:16:23 PM org.springframework.web.context.ContextLoader initWebApplicationContext
INFO: Root WebApplicationContext: initialization completed in 521 ms
Dec 2, 2012 10:16:23 PM org.springframework.web.servlet.FrameworkServlet initServletBean
INFO: FrameworkServlet 'mediapicker': initialization started
Dec 2, 2012 10:16:23 PM org.springframework.context.support.AbstractApplicationContext prepareRefresh
INFO: Refreshing org.springframework.web.context.support.XmlWebApplicationContext@7c6576d5: display name [WebApplicationContext for namespace 'mediapicker-servlet']; startup date [Sun Dec 02 22:16:23 PST 2012]; parent: org.springframework.web.context.support.XmlWebApplicationContext@63d87b85
Dec 2, 2012 10:16:23 PM org.springframework.beans.factory.xml.XmlBeanDefinitionReader loadBeanDefinitions
INFO: Loading XML bean definitions from ServletContext resource [/WEB-INF/mediapicker-servlet.xml]
Dec 2, 2012 10:16:23 PM org.springframework.context.support.AbstractApplicationContext obtainFreshBeanFactory
INFO: Bean factory for application context [org.springframework.web.context.support.XmlWebApplicationContext@7c6576d5]: org.springframework.beans.factory.support.DefaultListableBeanFactory@4883d37a
Dec 2, 2012 10:16:23 PM org.springframework.beans.factory.support.DefaultListableBeanFactory preInstantiateSingletons
INFO: Pre-instantiating singletons in org.springframework.beans.factory.support.DefaultListableBeanFactory@4883d37a: defining beans [messageSource,/mpicker.htm,viewResolver]; parent: org.springframework.beans.factory.support.DefaultListableBeanFactory@212b19c5
Dec 2, 2012 10:16:23 PM org.springframework.web.servlet.FrameworkServlet initServletBean
INFO: FrameworkServlet 'mediapicker': initialization completed in 67 ms
Dec 2, 2012 10:16:23 PM org.apache.catalina.startup.HostConfig deployDirectory
INFO: Deploying web application directory ROOT
Dec 2, 2012 10:16:23 PM org.apache.coyote.http11.Http11AprProtocol start
INFO: Starting Coyote HTTP/1.1 on http-8080
Dec 2, 2012 10:16:23 PM org.apache.coyote.ajp.AjpAprProtocol start
INFO: Starting Coyote AJP/1.3 on ajp-8009
Dec 2, 2012 10:16:23 PM org.apache.catalina.startup.Catalina start
INFO: Server startup in 1231 ms
Dec 2, 2012 10:16:30 PM mediapicker.repository.JdbcMediaDao getMediaList
INFO: Getting media!
Dec 2, 2012 10:16:30 PM mediapicker.repository.JdbcMediaDao getMediaList
INFO: Getting media!
Dec 2, 2012 10:16:30 PM mediapicker.repository.JdbcMediaDao getMediaList
INFO: Getting media!
Dec 2, 2012 10:16:30 PM mediapicker.repository.JdbcMediaDao getMediaList
INFO: Getting media!
Dec 2, 2012 10:16:30 PM mediapicker.repository.JdbcMediaDao getMediaList
INFO: Getting media!
Dec 2, 2012 10:16:30 PM mediapicker.repository.JdbcMediaDao getMediaList
INFO: Getting media!
Dec 2, 2012 10:16:30 PM mediapicker.repository.JdbcMediaDao getMediaList
INFO: Getting media!
Dec 2, 2012 10:16:30 PM mediapicker.web.PickerController handleRequest
INFO: Returning picker view with Sun Dec 02 22:16:30 PST 2012
Dec 2, 2012 10:16:30 PM mediapicker.web.PickerController handleRequest
INFO: Returning picker view with [Id: 6;Name: Rock;, Id: 9;Name: Metal;, Id: 7;Name: Folk;] songs.
Dec 2, 2012 10:16:37 PM mediapicker.repository.JdbcMediaDao getMediaList
INFO: Getting media!
Dec 2, 2012 10:16:37 PM mediapicker.repository.JdbcMediaDao getMediaList
INFO: Getting media!
Dec 2, 2012 10:16:37 PM mediapicker.repository.JdbcMediaDao getMediaList
INFO: Getting media!
Dec 2, 2012 10:16:37 PM mediapicker.repository.JdbcMediaDao getMediaList
INFO: Getting media!
Dec 2, 2012 10:16:37 PM mediapicker.repository.JdbcMediaDao getMediaList
INFO: Getting media!
Dec 2, 2012 10:16:37 PM mediapicker.repository.JdbcMediaDao getMediaList
INFO: Getting media!
Dec 2, 2012 10:16:37 PM mediapicker.repository.JdbcMediaDao getMediaList
INFO: Getting media!
Dec 2, 2012 10:16:37 PM mediapicker.web.PickerController handleRequest
INFO: Returning picker view with Sun Dec 02 22:16:37 PST 2012
Dec 2, 2012 10:16:37 PM mediapicker.web.PickerController handleRequest
INFO: Returning picker view with [Id: 2;Name: Modern;, Id: 1;Name: Classical;, Id: 1;Name: Classical;] songs.
Dec 2, 2012 10:16:38 PM mediapicker.repository.JdbcMediaDao getMediaList
INFO: Getting media!
Dec 2, 2012 10:16:38 PM mediapicker.repository.JdbcMediaDao getMediaList
INFO: Getting media!
Dec 2, 2012 10:16:38 PM mediapicker.repository.JdbcMediaDao getMediaList
INFO: Getting media!
Dec 2, 2012 10:16:38 PM mediapicker.repository.JdbcMediaDao getMediaList
INFO: Getting media!
Dec 2, 2012 10:16:38 PM mediapicker.repository.JdbcMediaDao getMediaList
INFO: Getting media!
Dec 2, 2012 10:16:38 PM mediapicker.repository.JdbcMediaDao getMediaList
INFO: Getting media!
Dec 2, 2012 10:16:38 PM mediapicker.repository.JdbcMediaDao getMediaList
INFO: Getting media!
Dec 2, 2012 10:16:38 PM mediapicker.web.PickerController handleRequest
INFO: Returning picker view with Sun Dec 02 22:16:38 PST 2012
Dec 2, 2012 10:16:38 PM mediapicker.web.PickerController handleRequest
INFO: Returning picker view with [Id: 5;Name: Bluegrass;, Id: 1;Name: Classical;, Id: 5;Name: Bluegrass;] songs.
Dec 2, 2012 10:16:38 PM mediapicker.repository.JdbcMediaDao getMediaList
INFO: Getting media!
Dec 2, 2012 10:16:38 PM mediapicker.repository.JdbcMediaDao getMediaList
INFO: Getting media!
Dec 2, 2012 10:16:38 PM mediapicker.repository.JdbcMediaDao getMediaList
INFO: Getting media!
Dec 2, 2012 10:16:38 PM mediapicker.repository.JdbcMediaDao getMediaList
INFO: Getting media!
Dec 2, 2012 10:16:38 PM mediapicker.repository.JdbcMediaDao getMediaList
INFO: Getting media!
Dec 2, 2012 10:16:38 PM mediapicker.repository.JdbcMediaDao getMediaList
INFO: Getting media!
Dec 2, 2012 10:16:38 PM mediapicker.repository.JdbcMediaDao getMediaList
INFO: Getting media!
Dec 2, 2012 10:16:38 PM mediapicker.web.PickerController handleRequest
INFO: Returning picker view with Sun Dec 02 22:16:38 PST 2012
Dec 2, 2012 10:16:38 PM mediapicker.web.PickerController handleRequest
INFO: Returning picker view with [Id: 4;Name: Country;, Id: 5;Name: Bluegrass;, Id: 5;Name: Bluegrass;] songs.
Dec 2, 2012 10:16:39 PM mediapicker.repository.JdbcMediaDao getMediaList
INFO: Getting media!
Dec 2, 2012 10:16:39 PM mediapicker.repository.JdbcMediaDao getMediaList
INFO: Getting media!
Dec 2, 2012 10:16:39 PM mediapicker.repository.JdbcMediaDao getMediaList
INFO: Getting media!
Dec 2, 2012 10:16:39 PM mediapicker.repository.JdbcMediaDao getMediaList
INFO: Getting media!
Dec 2, 2012 10:16:39 PM mediapicker.repository.JdbcMediaDao getMediaList
INFO: Getting media!
Dec 2, 2012 10:16:39 PM mediapicker.repository.JdbcMediaDao getMediaList
INFO: Getting media!
Dec 2, 2012 10:16:39 PM mediapicker.repository.JdbcMediaDao getMediaList
INFO: Getting media!
Dec 2, 2012 10:16:39 PM mediapicker.web.PickerController handleRequest
INFO: Returning picker view with Sun Dec 02 22:16:39 PST 2012
Dec 2, 2012 10:16:39 PM mediapicker.web.PickerController handleRequest
INFO: Returning picker view with [Id: 10;Name: Jam;, Id: 10;Name: Jam;, Id: 1;Name: Classical;] songs.
Dec 2, 2012 10:16:40 PM mediapicker.repository.JdbcMediaDao getMediaList
INFO: Getting media!
Dec 2, 2012 10:16:40 PM mediapicker.repository.JdbcMediaDao getMediaList
INFO: Getting media!
Dec 2, 2012 10:16:40 PM mediapicker.repository.JdbcMediaDao getMediaList
INFO: Getting media!
Dec 2, 2012 10:16:40 PM mediapicker.repository.JdbcMediaDao getMediaList
INFO: Getting media!
Dec 2, 2012 10:16:40 PM mediapicker.repository.JdbcMediaDao getMediaList
INFO: Getting media!
Dec 2, 2012 10:16:40 PM mediapicker.repository.JdbcMediaDao getMediaList
INFO: Getting media!
Dec 2, 2012 10:16:40 PM mediapicker.repository.JdbcMediaDao getMediaList
INFO: Getting media!
Dec 2, 2012 10:16:40 PM mediapicker.web.PickerController handleRequest
INFO: Returning picker view with Sun Dec 02 22:16:40 PST 2012
Dec 2, 2012 10:16:40 PM mediapicker.web.PickerController handleRequest
INFO: Returning picker view with [Id: 4;Name: Country;, Id: 8;Name: Rockabilly;, Id: 5;Name: Bluegrass;] songs.
Dec 2, 2012 10:16:40 PM mediapicker.repository.JdbcMediaDao getMediaList
INFO: Getting media!
Dec 2, 2012 10:16:40 PM mediapicker.repository.JdbcMediaDao getMediaList
INFO: Getting media!
Dec 2, 2012 10:16:40 PM mediapicker.repository.JdbcMediaDao getMediaList
INFO: Getting media!
Dec 2, 2012 10:16:40 PM mediapicker.repository.JdbcMediaDao getMediaList
INFO: Getting media!
Dec 2, 2012 10:16:40 PM mediapicker.repository.JdbcMediaDao getMediaList
INFO: Getting media!
Dec 2, 2012 10:16:40 PM mediapicker.repository.JdbcMediaDao getMediaList
INFO: Getting media!
Dec 2, 2012 10:16:40 PM mediapicker.repository.JdbcMediaDao getMediaList
INFO: Getting media!
Dec 2, 2012 10:16:40 PM mediapicker.web.PickerController handleRequest
INFO: Returning picker view with Sun Dec 02 22:16:40 PST 2012
Dec 2, 2012 10:16:40 PM mediapicker.web.PickerController handleRequest
INFO: Returning picker view with [Id: 8;Name: Rockabilly;, Id: 7;Name: Folk;, Id: 9;Name: Metal;] songs.
Dec 2, 2012 10:16:41 PM mediapicker.repository.JdbcMediaDao getMediaList
INFO: Getting media!
Dec 2, 2012 10:16:41 PM mediapicker.repository.JdbcMediaDao getMediaList
INFO: Getting media!
Dec 2, 2012 10:16:41 PM mediapicker.repository.JdbcMediaDao getMediaList
INFO: Getting media!
Dec 2, 2012 10:16:41 PM mediapicker.repository.JdbcMediaDao getMediaList
INFO: Getting media!
Dec 2, 2012 10:16:41 PM mediapicker.repository.JdbcMediaDao getMediaList
INFO: Getting media!
Dec 2, 2012 10:16:41 PM mediapicker.repository.JdbcMediaDao getMediaList
INFO: Getting media!
Dec 2, 2012 10:16:41 PM mediapicker.repository.JdbcMediaDao getMediaList
INFO: Getting media!
Dec 2, 2012 10:16:41 PM mediapicker.web.PickerController handleRequest
INFO: Returning picker view with Sun Dec 02 22:16:41 PST 2012
Dec 2, 2012 10:16:41 PM mediapicker.web.PickerController handleRequest
INFO: Returning picker view with [Id: 1;Name: Classical;, Id: 9;Name: Metal;, Id: 3;Name: Jazz;] songs.
Dec 2, 2012 10:17:54 PM mediapicker.repository.JdbcMediaDao getMediaList
INFO: Getting media!
Dec 2, 2012 10:17:54 PM mediapicker.repository.JdbcMediaDao getMediaList
INFO: Getting media!
Dec 2, 2012 10:17:54 PM mediapicker.repository.JdbcMediaDao getMediaList
INFO: Getting media!
Dec 2, 2012 10:17:54 PM mediapicker.repository.JdbcMediaDao getMediaList
INFO: Getting media!
Dec 2, 2012 10:17:54 PM mediapicker.repository.JdbcMediaDao getMediaList
INFO: Getting media!
Dec 2, 2012 10:17:54 PM mediapicker.repository.JdbcMediaDao getMediaList
INFO: Getting media!
Dec 2, 2012 10:17:54 PM mediapicker.repository.JdbcMediaDao getMediaList
INFO: Getting media!
Dec 2, 2012 10:17:54 PM mediapicker.web.PickerController handleRequest
INFO: Returning picker view with Sun Dec 02 22:17:54 PST 2012
Dec 2, 2012 10:17:54 PM mediapicker.web.PickerController handleRequest
INFO: Returning picker view with [Id: 6;Name: Rock;, Id: 10;Name: Jam;, Id: 1;Name: Classical;] songs.
Dec 2, 2012 10:17:57 PM mediapicker.repository.JdbcMediaDao getMediaList
INFO: Getting media!
Dec 2, 2012 10:17:57 PM mediapicker.repository.JdbcMediaDao getMediaList
INFO: Getting media!
Dec 2, 2012 10:17:57 PM mediapicker.repository.JdbcMediaDao getMediaList
INFO: Getting media!
Dec 2, 2012 10:17:57 PM mediapicker.repository.JdbcMediaDao getMediaList
INFO: Getting media!
Dec 2, 2012 10:17:57 PM mediapicker.repository.JdbcMediaDao getMediaList
INFO: Getting media!
Dec 2, 2012 10:17:57 PM mediapicker.repository.JdbcMediaDao getMediaList
INFO: Getting media!
Dec 2, 2012 10:17:57 PM mediapicker.repository.JdbcMediaDao getMediaList
INFO: Getting media!
Dec 2, 2012 10:17:57 PM mediapicker.web.PickerController handleRequest
INFO: Returning picker view with Sun Dec 02 22:17:57 PST 2012
Dec 2, 2012 10:17:57 PM mediapicker.web.PickerController handleRequest
INFO: Returning picker view with [Id: 5;Name: Bluegrass;, Id: 4;Name: Country;, Id: 10;Name: Jam;] songs.
Dec 2, 2012 10:18:09 PM mediapicker.repository.JdbcMediaDao getMediaList
INFO: Getting media!
Dec 2, 2012 10:18:09 PM mediapicker.repository.JdbcMediaDao getMediaList
INFO: Getting media!
Dec 2, 2012 10:18:09 PM mediapicker.repository.JdbcMediaDao getMediaList
INFO: Getting media!
Dec 2, 2012 10:18:09 PM mediapicker.repository.JdbcMediaDao getMediaList
INFO: Getting media!
Dec 2, 2012 10:18:09 PM mediapicker.repository.JdbcMediaDao getMediaList
INFO: Getting media!
Dec 2, 2012 10:18:09 PM mediapicker.repository.JdbcMediaDao getMediaList
INFO: Getting media!
Dec 2, 2012 10:18:09 PM mediapicker.repository.JdbcMediaDao getMediaList
INFO: Getting media!
Dec 2, 2012 10:18:09 PM mediapicker.web.PickerController handleRequest
INFO: Returning picker view with Sun Dec 02 22:18:09 PST 2012
Dec 2, 2012 10:18:09 PM mediapicker.web.PickerController handleRequest
INFO: Returning picker view with [Id: 5;Name: Bluegrass;, Id: 1;Name: Classical;, Id: 5;Name: Bluegrass;] songs.
Dec 2, 2012 10:18:10 PM mediapicker.repository.JdbcMediaDao getMediaList
INFO: Getting media!
Dec 2, 2012 10:18:10 PM mediapicker.repository.JdbcMediaDao getMediaList
INFO: Getting media!
Dec 2, 2012 10:18:10 PM mediapicker.repository.JdbcMediaDao getMediaList
INFO: Getting media!
Dec 2, 2012 10:18:10 PM mediapicker.repository.JdbcMediaDao getMediaList
INFO: Getting media!
Dec 2, 2012 10:18:10 PM mediapicker.repository.JdbcMediaDao getMediaList
INFO: Getting media!
Dec 2, 2012 10:18:10 PM mediapicker.repository.JdbcMediaDao getMediaList
INFO: Getting media!
Dec 2, 2012 10:18:10 PM mediapicker.repository.JdbcMediaDao getMediaList
INFO: Getting media!
Dec 2, 2012 10:18:10 PM mediapicker.web.PickerController handleRequest
INFO: Returning picker view with Sun Dec 02 22:18:10 PST 2012
Dec 2, 2012 10:18:10 PM mediapicker.web.PickerController handleRequest
INFO: Returning picker view with [Id: 7;Name: Folk;, Id: 2;Name: Modern;, Id: 2;Name: Modern;] songs.
Dec 2, 2012 10:19:04 PM mediapicker.repository.JdbcMediaDao getMediaList
INFO: Getting media!
Dec 2, 2012 10:19:04 PM mediapicker.repository.JdbcMediaDao getMediaList
INFO: Getting media!
Dec 2, 2012 10:19:04 PM mediapicker.repository.JdbcMediaDao getMediaList
INFO: Getting media!
Dec 2, 2012 10:19:04 PM mediapicker.repository.JdbcMediaDao getMediaList
INFO: Getting media!
Dec 2, 2012 10:19:04 PM mediapicker.repository.JdbcMediaDao getMediaList
INFO: Getting media!
Dec 2, 2012 10:19:04 PM mediapicker.repository.JdbcMediaDao getMediaList
INFO: Getting media!
Dec 2, 2012 10:19:04 PM mediapicker.repository.JdbcMediaDao getMediaList
INFO: Getting media!
Dec 2, 2012 10:19:04 PM mediapicker.web.PickerController handleRequest
INFO: Returning picker view with Sun Dec 02 22:19:04 PST 2012
Dec 2, 2012 10:19:04 PM mediapicker.web.PickerController handleRequest
INFO: Returning picker view with [Id: 1;Name: Classical;, Id: 9;Name: Metal;, Id: 5;Name: Bluegrass;] songs.
Dec 2, 2012 10:19:05 PM mediapicker.repository.JdbcMediaDao getMediaList
INFO: Getting media!
Dec 2, 2012 10:19:05 PM mediapicker.repository.JdbcMediaDao getMediaList
INFO: Getting media!
Dec 2, 2012 10:19:05 PM mediapicker.repository.JdbcMediaDao getMediaList
INFO: Getting media!
Dec 2, 2012 10:19:05 PM mediapicker.repository.JdbcMediaDao getMediaList
INFO: Getting media!
Dec 2, 2012 10:19:05 PM mediapicker.repository.JdbcMediaDao getMediaList
INFO: Getting media!
Dec 2, 2012 10:19:05 PM mediapicker.repository.JdbcMediaDao getMediaList
INFO: Getting media!
Dec 2, 2012 10:19:05 PM mediapicker.repository.JdbcMediaDao getMediaList
INFO: Getting media!
Dec 2, 2012 10:19:05 PM mediapicker.web.PickerController handleRequest
INFO: Returning picker view with Sun Dec 02 22:19:05 PST 2012
Dec 2, 2012 10:19:05 PM mediapicker.web.PickerController handleRequest
INFO: Returning picker view with [Id: 7;Name: Folk;, Id: 8;Name: Rockabilly;, Id: 1;Name: Classical;] songs.
Dec 2, 2012 10:19:15 PM mediapicker.repository.JdbcMediaDao getMediaList
INFO: Getting media!
Dec 2, 2012 10:19:15 PM mediapicker.repository.JdbcMediaDao getMediaList
INFO: Getting media!
Dec 2, 2012 10:19:15 PM mediapicker.repository.JdbcMediaDao getMediaList
INFO: Getting media!
Dec 2, 2012 10:19:15 PM mediapicker.repository.JdbcMediaDao getMediaList
INFO: Getting media!
Dec 2, 2012 10:19:15 PM mediapicker.repository.JdbcMediaDao getMediaList
INFO: Getting media!
Dec 2, 2012 10:19:15 PM mediapicker.repository.JdbcMediaDao getMediaList
INFO: Getting media!
Dec 2, 2012 10:19:15 PM mediapicker.repository.JdbcMediaDao getMediaList
INFO: Getting media!
Dec 2, 2012 10:19:15 PM mediapicker.web.PickerController handleRequest
INFO: Returning picker view with Sun Dec 02 22:19:15 PST 2012
Dec 2, 2012 10:19:15 PM mediapicker.web.PickerController handleRequest
INFO: Returning picker view with [Id: 10;Name: Jam;, Id: 3;Name: Jazz;, Id: 5;Name: Bluegrass;] songs.
Dec 2, 2012 10:19:15 PM mediapicker.repository.JdbcMediaDao getMediaList
INFO: Getting media!
Dec 2, 2012 10:19:15 PM mediapicker.repository.JdbcMediaDao getMediaList
INFO: Getting media!
Dec 2, 2012 10:19:15 PM mediapicker.repository.JdbcMediaDao getMediaList
INFO: Getting media!
Dec 2, 2012 10:19:15 PM mediapicker.repository.JdbcMediaDao getMediaList
INFO: Getting media!
Dec 2, 2012 10:19:15 PM mediapicker.repository.JdbcMediaDao getMediaList
INFO: Getting media!
Dec 2, 2012 10:19:15 PM mediapicker.repository.JdbcMediaDao getMediaList
INFO: Getting media!
Dec 2, 2012 10:19:15 PM mediapicker.repository.JdbcMediaDao getMediaList
INFO: Getting media!
Dec 2, 2012 10:19:15 PM mediapicker.web.PickerController handleRequest
INFO: Returning picker view with Sun Dec 02 22:19:15 PST 2012
Dec 2, 2012 10:19:15 PM mediapicker.web.PickerController handleRequest
INFO: Returning picker view with [Id: 1;Name: Classical;, Id: 9;Name: Metal;, Id: 4;Name: Country;] songs.
Dec 2, 2012 10:19:21 PM mediapicker.repository.JdbcMediaDao getMediaList
INFO: Getting media!
Dec 2, 2012 10:19:21 PM mediapicker.repository.JdbcMediaDao getMediaList
INFO: Getting media!
Dec 2, 2012 10:19:21 PM mediapicker.repository.JdbcMediaDao getMediaList
INFO: Getting media!
Dec 2, 2012 10:19:21 PM mediapicker.repository.JdbcMediaDao getMediaList
INFO: Getting media!
Dec 2, 2012 10:19:21 PM mediapicker.repository.JdbcMediaDao getMediaList
INFO: Getting media!
Dec 2, 2012 10:19:21 PM mediapicker.repository.JdbcMediaDao getMediaList
INFO: Getting media!
Dec 2, 2012 10:19:21 PM mediapicker.repository.JdbcMediaDao getMediaList
INFO: Getting media!
Dec 2, 2012 10:19:21 PM mediapicker.web.PickerController handleRequest
INFO: Returning picker view with Sun Dec 02 22:19:21 PST 2012
Dec 2, 2012 10:19:21 PM mediapicker.web.PickerController handleRequest
INFO: Returning picker view with [Id: 9;Name: Metal;, Id: 3;Name: Jazz;, Id: 8;Name: Rockabilly;] songs.
Dec 2, 2012 10:20:14 PM org.apache.catalina.core.AprLifecycleListener init
INFO: Loaded APR based Apache Tomcat Native library 1.1.23 using APR version 1.4.6.
Dec 2, 2012 10:20:14 PM org.apache.catalina.core.AprLifecycleListener init
INFO: APR capabilities: IPv6 [true], sendfile [true], accept filters [false], random [true].
Dec 2, 2012 10:20:14 PM org.apache.catalina.core.AprLifecycleListener initializeSSL
INFO: OpenSSL successfully initialized with version OpenSSL 1.0.0g 18 Jan 2012
Dec 2, 2012 10:20:15 PM org.apache.coyote.http11.Http11AprProtocol init
INFO: Initializing Coyote HTTP/1.1 on http-8080
Dec 2, 2012 10:20:15 PM org.apache.coyote.ajp.AjpAprProtocol init
INFO: Initializing Coyote AJP/1.3 on ajp-8009
Dec 2, 2012 10:20:15 PM org.apache.catalina.startup.Catalina load
INFO: Initialization processed in 882 ms
Dec 2, 2012 10:20:15 PM org.apache.catalina.core.StandardService start
INFO: Starting service Catalina
Dec 2, 2012 10:20:15 PM org.apache.catalina.core.StandardEngine start
INFO: Starting Servlet Engine: Apache Tomcat/6.0.36
Dec 2, 2012 10:20:15 PM org.apache.catalina.startup.HostConfig deployDescriptor
INFO: Deploying configuration descriptor host-manager.xml
Dec 2, 2012 10:20:15 PM org.apache.catalina.startup.HostConfig deployDescriptor
INFO: Deploying configuration descriptor manager.xml
Dec 2, 2012 10:20:15 PM org.apache.catalina.startup.HostConfig deployDirectory
INFO: Deploying web application directory docs
Dec 2, 2012 10:20:15 PM org.apache.catalina.startup.HostConfig deployDirectory
INFO: Deploying web application directory examples
Dec 2, 2012 10:20:15 PM org.apache.catalina.startup.HostConfig deployDirectory
INFO: Deploying web application directory mediapicker
Dec 2, 2012 10:20:15 PM org.springframework.web.context.ContextLoader initWebApplicationContext
INFO: Root WebApplicationContext: initialization started
Dec 2, 2012 10:20:15 PM org.springframework.context.support.AbstractApplicationContext prepareRefresh
INFO: Refreshing org.springframework.web.context.support.XmlWebApplicationContext@2918958e: display name [Root WebApplicationContext]; startup date [Sun Dec 02 22:20:15 PST 2012]; root of context hierarchy
Dec 2, 2012 10:20:15 PM org.springframework.beans.factory.xml.XmlBeanDefinitionReader loadBeanDefinitions
INFO: Loading XML bean definitions from ServletContext resource [/WEB-INF/applicationContext.xml]
Dec 2, 2012 10:20:15 PM org.springframework.context.support.AbstractApplicationContext obtainFreshBeanFactory
INFO: Bean factory for application context [org.springframework.web.context.support.XmlWebApplicationContext@2918958e]: org.springframework.beans.factory.support.DefaultListableBeanFactory@5c74cb02
Dec 2, 2012 10:20:15 PM org.springframework.core.io.support.PropertiesLoaderSupport loadProperties
INFO: Loading properties file from class path resource [jdbc.properties]
Dec 2, 2012 10:20:15 PM org.springframework.beans.factory.support.DefaultListableBeanFactory preInstantiateSingletons
INFO: Pre-instantiating singletons in org.springframework.beans.factory.support.DefaultListableBeanFactory@5c74cb02: defining beans [mediaManager,mediaDao,dataSource,propertyConfigurer,transactionManager,org.springframework.aop.config.internalAutoProxyCreator,org.springframework.aop.support.DefaultBeanFactoryPointcutAdvisor#0,txAdvice]; root of factory hierarchy
Dec 2, 2012 10:20:16 PM org.springframework.web.context.ContextLoader initWebApplicationContext
INFO: Root WebApplicationContext: initialization completed in 518 ms
Dec 2, 2012 10:20:16 PM org.springframework.web.servlet.FrameworkServlet initServletBean
INFO: FrameworkServlet 'mediapicker': initialization started
Dec 2, 2012 10:20:16 PM org.springframework.context.support.AbstractApplicationContext prepareRefresh
INFO: Refreshing org.springframework.web.context.support.XmlWebApplicationContext@4631ff23: display name [WebApplicationContext for namespace 'mediapicker-servlet']; startup date [Sun Dec 02 22:20:16 PST 2012]; parent: org.springframework.web.context.support.XmlWebApplicationContext@2918958e
Dec 2, 2012 10:20:16 PM org.springframework.beans.factory.xml.XmlBeanDefinitionReader loadBeanDefinitions
INFO: Loading XML bean definitions from ServletContext resource [/WEB-INF/mediapicker-servlet.xml]
Dec 2, 2012 10:20:16 PM org.springframework.context.support.AbstractApplicationContext obtainFreshBeanFactory
INFO: Bean factory for application context [org.springframework.web.context.support.XmlWebApplicationContext@4631ff23]: org.springframework.beans.factory.support.DefaultListableBeanFactory@29de6817
Dec 2, 2012 10:20:16 PM org.springframework.beans.factory.support.DefaultListableBeanFactory preInstantiateSingletons
INFO: Pre-instantiating singletons in org.springframework.beans.factory.support.DefaultListableBeanFactory@29de6817: defining beans [messageSource,/mpicker.htm,viewResolver]; parent: org.springframework.beans.factory.support.DefaultListableBeanFactory@5c74cb02
Dec 2, 2012 10:20:16 PM org.springframework.web.servlet.FrameworkServlet initServletBean
INFO: FrameworkServlet 'mediapicker': initialization completed in 67 ms
Dec 2, 2012 10:20:16 PM org.apache.catalina.startup.HostConfig deployDirectory
INFO: Deploying web application directory ROOT
Dec 2, 2012 10:20:16 PM org.apache.coyote.http11.Http11AprProtocol start
INFO: Starting Coyote HTTP/1.1 on http-8080
Dec 2, 2012 10:20:16 PM org.apache.coyote.ajp.AjpAprProtocol start
INFO: Starting Coyote AJP/1.3 on ajp-8009
Dec 2, 2012 10:20:16 PM org.apache.catalina.startup.Catalina start
INFO: Server startup in 1218 ms
Dec 2, 2012 10:20:19 PM mediapicker.repository.JdbcMediaDao getMediaList
INFO: Getting media!
Dec 2, 2012 10:20:19 PM mediapicker.repository.JdbcMediaDao getMediaList
INFO: Getting media!
Dec 2, 2012 10:20:19 PM mediapicker.repository.JdbcMediaDao getMediaList
INFO: Getting media!
Dec 2, 2012 10:20:19 PM mediapicker.repository.JdbcMediaDao getMediaList
INFO: Getting media!
Dec 2, 2012 10:20:19 PM mediapicker.repository.JdbcMediaDao getMediaList
INFO: Getting media!
Dec 2, 2012 10:20:19 PM mediapicker.repository.JdbcMediaDao getMediaList
INFO: Getting media!
Dec 2, 2012 10:20:19 PM mediapicker.repository.JdbcMediaDao getMediaList
INFO: Getting media!
Dec 2, 2012 10:20:19 PM mediapicker.web.PickerController handleRequest
INFO: Returning picker view with Sun Dec 02 22:20:18 PST 2012
Dec 2, 2012 10:20:19 PM mediapicker.web.PickerController handleRequest
INFO: Returning picker view with [Id: 5;Name: Bluegrass;, Id: 8;Name: Rockabilly;, Id: 7;Name: Folk;] songs.
